<?xml version="1.0" encoding="UTF-8"?>
<!-- Generated by org.testng.reporters.JUnitReportReporter -->
<testsuite hostname="DESKTOP-V7A1CDP" failures="0" tests="5" name="com.qa.opencart.test.LoginPageTest" time="1.431" errors="0" timestamp="2023-11-01T21:26:44 IST" skipped="0">
  <testcase classname="com.qa.opencart.test.LoginPageTest" name="loginPageTitleTest" time="0.042"/>
  <system-out/>
  <testcase classname="com.qa.opencart.test.LoginPageTest" name="loginPageUrlTest" time="0.021"/>
  <system-out/>
  <testcase classname="com.qa.opencart.test.LoginPageTest" name="forgotpasswordLinkExist" time="0.109"/>
  <system-out/>
  <testcase classname="com.qa.opencart.test.LoginPageTest" name="searchfieldExixt" time="0.044"/>
  <system-out/>
  <testcase classname="com.qa.opencart.test.LoginPageTest" name="loginpagetest" time="1.215"/>
  <system-out/>
</testsuite> <!-- com.qa.opencart.test.LoginPageTest -->
